2023-01-14 01:13:47,060 INFO o.a.j.u.JMeterUtils: Setting Locale to en_EN
2023-01-14 01:13:47,107 INFO o.a.j.JMeter: Loading user properties from: /opt/jmeter/bin/user.properties
2023-01-14 01:13:47,108 INFO o.a.j.JMeter: Loading system properties from: /opt/jmeter/bin/system.properties
2023-01-14 01:13:47,114 INFO o.a.j.JMeter: Copyright (c) 1998-2022 The Apache Software Foundation
2023-01-14 01:13:47,114 INFO o.a.j.JMeter: Version 5.5
2023-01-14 01:13:47,114 INFO o.a.j.JMeter: java.version=19.0.1
2023-01-14 01:13:47,114 INFO o.a.j.JMeter: java.vm.name=OpenJDK 64-Bit Server VM
2023-01-14 01:13:47,114 INFO o.a.j.JMeter: os.name=Linux
2023-01-14 01:13:47,114 INFO o.a.j.JMeter: os.arch=amd64
2023-01-14 01:13:47,114 INFO o.a.j.JMeter: os.version=6.1.4-arch1-1
2023-01-14 01:13:47,114 INFO o.a.j.JMeter: file.encoding=UTF-8
2023-01-14 01:13:47,115 INFO o.a.j.JMeter: java.awt.headless=null
2023-01-14 01:13:47,115 INFO o.a.j.JMeter: Max memory     =1073741824
2023-01-14 01:13:47,115 INFO o.a.j.JMeter: Available Processors =8
2023-01-14 01:13:47,128 INFO o.a.j.JMeter: Default Locale=English (EN)
2023-01-14 01:13:47,128 INFO o.a.j.JMeter: JMeter  Locale=English (EN)
2023-01-14 01:13:47,128 INFO o.a.j.JMeter: JMeterHome=/opt/jmeter
2023-01-14 01:13:47,128 INFO o.a.j.JMeter: user.dir  =/home/peter/Documents/ASCN2223/ASCN_G09
2023-01-14 01:13:47,128 INFO o.a.j.JMeter: PWD       =/home/peter/Documents/ASCN2223/ASCN_G09
2023-01-14 01:13:47,129 INFO o.a.j.JMeter: IP: 127.0.1.1 Name: pun FullName: pun
2023-01-14 01:13:47,150 INFO o.a.j.JMeter: Loaded icon properties from org/apache/jmeter/images/icon.properties
2023-01-14 01:13:47,350 INFO o.a.j.JMeterGuiLauncher: Setting LAF to: com.github.weisj.darklaf.DarkLaf:com.github.weisj.darklaf.theme.DarculaTheme
2023-01-14 01:20:37,365 INFO o.a.j.p.h.s.HTTPSamplerBase: Parser for text/html is org.apache.jmeter.protocol.http.parser.LagartoBasedHtmlParser
2023-01-14 01:20:37,366 INFO o.a.j.p.h.s.HTTPSamplerBase: Parser for application/xhtml+xml is org.apache.jmeter.protocol.http.parser.LagartoBasedHtmlParser
2023-01-14 01:20:37,366 INFO o.a.j.p.h.s.HTTPSamplerBase: Parser for application/xml is org.apache.jmeter.protocol.http.parser.LagartoBasedHtmlParser
2023-01-14 01:20:37,366 INFO o.a.j.p.h.s.HTTPSamplerBase: Parser for text/xml is org.apache.jmeter.protocol.http.parser.LagartoBasedHtmlParser
2023-01-14 01:20:37,367 INFO o.a.j.p.h.s.HTTPSamplerBase: Parser for text/vnd.wap.wml is org.apache.jmeter.protocol.http.parser.RegexpHTMLParser
2023-01-14 01:20:37,367 INFO o.a.j.p.h.s.HTTPSamplerBase: Parser for text/css is org.apache.jmeter.protocol.http.parser.CssParser
2023-01-14 01:23:57,279 INFO o.a.j.e.StandardJMeterEngine: Running the test!
2023-01-14 01:23:57,280 INFO o.a.j.s.SampleEvent: List of sample_variables: []
2023-01-14 01:23:57,280 INFO o.a.j.s.SampleEvent: List of sample_variables: []
2023-01-14 01:23:57,281 INFO o.a.j.e.u.CompoundVariable: Note: Function class names must contain the string: '.functions.'
2023-01-14 01:23:57,281 INFO o.a.j.e.u.CompoundVariable: Note: Function class names must not contain the string: '.gui.'
2023-01-14 01:23:57,308 INFO o.a.j.g.u.JMeterMenuBar: setRunning(true, *local*)
2023-01-14 01:23:57,347 INFO o.a.j.e.StandardJMeterEngine: Starting ThreadGroup: 1 : Thread Group
2023-01-14 01:23:57,347 INFO o.a.j.e.StandardJMeterEngine: Starting 1 threads for group Thread Group.
2023-01-14 01:23:57,347 INFO o.a.j.e.StandardJMeterEngine: Thread will continue on error
2023-01-14 01:23:57,347 INFO o.a.j.t.ThreadGroup: Starting thread group... number=1 threads=1 ramp-up=1 delayedStart=false
2023-01-14 01:23:57,349 INFO o.a.j.t.ThreadGroup: Started thread group number 1
2023-01-14 01:23:57,350 INFO o.a.j.e.StandardJMeterEngine: All thread groups have been started
2023-01-14 01:23:57,350 INFO o.a.j.t.JMeterThread: Thread started: Thread Group 1-1
2023-01-14 01:23:57,362 INFO o.a.j.p.h.s.HTTPHCAbstractImpl: Local host = pun
2023-01-14 01:23:57,369 INFO o.a.j.p.h.s.HTTPHC4Impl: HTTP request retry count = 0
2023-01-14 01:23:57,370 INFO o.a.j.s.SampleResult: Note: Sample TimeStamps are START times
2023-01-14 01:23:57,370 INFO o.a.j.s.SampleResult: sampleresult.default.encoding is set to ISO-8859-1
2023-01-14 01:23:57,370 INFO o.a.j.s.SampleResult: sampleresult.useNanoTime=true
2023-01-14 01:23:57,370 INFO o.a.j.s.SampleResult: sampleresult.nanoThreadSleep=5000
2023-01-14 01:23:57,768 INFO o.a.j.t.JMeterThread: Thread is done: Thread Group 1-1
2023-01-14 01:23:57,768 INFO o.a.j.t.JMeterThread: Thread finished: Thread Group 1-1
2023-01-14 01:23:57,769 INFO o.a.j.e.StandardJMeterEngine: Notifying test listeners of end of test
2023-01-14 01:23:57,770 INFO o.a.j.s.FileServer: Default base='/home/peter/Documents/ASCN2223/ASCN_G09'
2023-01-14 01:23:57,771 INFO o.a.j.g.u.JMeterMenuBar: setRunning(false, *local*)
2023-01-14 01:24:17,121 INFO o.a.j.s.FileServer: Set new base='/home/peter/Documents/ASCN2223/ASCN_G09'
2023-01-14 01:24:17,309 INFO o.a.j.s.SaveService: Testplan (JMX) version: 2.2. Testlog (JTL) version: 2.2
2023-01-14 01:24:17,317 INFO o.a.j.s.SaveService: Using SaveService properties version 5.0
2023-01-14 01:24:17,319 INFO o.a.j.s.SaveService: Using SaveService properties file encoding UTF-8
2023-01-14 01:24:20,448 INFO o.a.j.e.StandardJMeterEngine: Running the test!
2023-01-14 01:24:20,449 INFO o.a.j.s.SampleEvent: List of sample_variables: []
2023-01-14 01:24:20,450 INFO o.a.j.g.u.JMeterMenuBar: setRunning(true, *local*)
2023-01-14 01:24:20,504 INFO o.a.j.e.StandardJMeterEngine: Starting ThreadGroup: 1 : Thread Group
2023-01-14 01:24:20,504 INFO o.a.j.e.StandardJMeterEngine: Starting 1 threads for group Thread Group.
2023-01-14 01:24:20,504 INFO o.a.j.e.StandardJMeterEngine: Thread will continue on error
2023-01-14 01:24:20,505 INFO o.a.j.t.ThreadGroup: Starting thread group... number=1 threads=1 ramp-up=1 delayedStart=false
2023-01-14 01:24:20,505 INFO o.a.j.t.ThreadGroup: Started thread group number 1
2023-01-14 01:24:20,505 INFO o.a.j.e.StandardJMeterEngine: All thread groups have been started
2023-01-14 01:24:20,506 INFO o.a.j.t.JMeterThread: Thread started: Thread Group 1-1
2023-01-14 01:24:20,791 INFO o.a.j.t.JMeterThread: Thread is done: Thread Group 1-1
2023-01-14 01:24:20,791 INFO o.a.j.t.JMeterThread: Thread finished: Thread Group 1-1
2023-01-14 01:24:20,792 INFO o.a.j.e.StandardJMeterEngine: Notifying test listeners of end of test
2023-01-14 01:24:20,792 INFO o.a.j.g.u.JMeterMenuBar: setRunning(false, *local*)
2023-01-14 01:24:45,361 ERROR o.a.j.g.a.Save: Could not backup file! Backup directory does not exist, is not a directory or could not be created ! </opt/jmeter/backups>
2023-01-14 01:24:45,365 INFO o.a.j.e.StandardJMeterEngine: Running the test!
2023-01-14 01:24:45,366 INFO o.a.j.s.SampleEvent: List of sample_variables: []
2023-01-14 01:24:45,366 INFO o.a.j.g.u.JMeterMenuBar: setRunning(true, *local*)
2023-01-14 01:24:45,396 INFO o.a.j.e.StandardJMeterEngine: Starting ThreadGroup: 1 : Thread Group
2023-01-14 01:24:45,396 INFO o.a.j.e.StandardJMeterEngine: Starting 1 threads for group Thread Group.
2023-01-14 01:24:45,396 INFO o.a.j.e.StandardJMeterEngine: Thread will continue on error
2023-01-14 01:24:45,396 INFO o.a.j.t.ThreadGroup: Starting thread group... number=1 threads=1 ramp-up=10 delayedStart=false
2023-01-14 01:24:45,396 INFO o.a.j.t.ThreadGroup: Started thread group number 1
2023-01-14 01:24:45,396 INFO o.a.j.e.StandardJMeterEngine: All thread groups have been started
2023-01-14 01:24:45,396 INFO o.a.j.t.JMeterThread: Thread started: Thread Group 1-1
2023-01-14 01:28:15,242 INFO o.a.j.g.a.Start: Stopping test
2023-01-14 01:28:15,272 INFO o.a.j.t.JMeterThread: Stopping: Thread Group 1-1
2023-01-14 01:28:15,274 WARN o.a.j.t.JMeterThread: Interrupting: Thread Group 1-1 sampler: HTTP Request
2023-01-14 01:28:15,279 INFO o.a.j.t.JMeterThread: Thread finished: Thread Group 1-1
2023-01-14 01:28:15,281 INFO o.a.j.e.StandardJMeterEngine: Notifying test listeners of end of test
2023-01-14 01:28:15,281 INFO o.a.j.g.u.JMeterMenuBar: setRunning(false, *local*)
2023-01-14 01:28:27,143 ERROR o.a.j.g.a.Save: Could not backup file! Backup directory does not exist, is not a directory or could not be created ! </opt/jmeter/backups>
2023-01-14 01:28:27,148 INFO o.a.j.e.StandardJMeterEngine: Running the test!
2023-01-14 01:28:27,148 INFO o.a.j.s.SampleEvent: List of sample_variables: []
2023-01-14 01:28:27,148 INFO o.a.j.g.u.JMeterMenuBar: setRunning(true, *local*)
2023-01-14 01:28:27,181 INFO o.a.j.e.StandardJMeterEngine: Starting ThreadGroup: 1 : Thread Group
2023-01-14 01:28:27,181 INFO o.a.j.e.StandardJMeterEngine: Starting 100 threads for group Thread Group.
2023-01-14 01:28:27,181 INFO o.a.j.e.StandardJMeterEngine: Thread will continue on error
2023-01-14 01:28:27,181 INFO o.a.j.t.ThreadGroup: Starting thread group... number=1 threads=100 ramp-up=10 delayedStart=false
2023-01-14 01:28:27,182 INFO o.a.j.t.JMeterThread: Thread started: Thread Group 1-1
2023-01-14 01:28:27,206 INFO o.a.j.t.ThreadGroup: Started thread group number 1
2023-01-14 01:28:27,206 INFO o.a.j.e.StandardJMeterEngine: All thread groups have been started
2023-01-14 01:28:27,282 INFO o.a.j.t.JMeterThread: Thread started: Thread Group 1-2
2023-01-14 01:28:27,382 INFO o.a.j.t.JMeterThread: Thread started: Thread Group 1-3
2023-01-14 01:28:27,482 INFO o.a.j.t.JMeterThread: Thread started: Thread Group 1-4
2023-01-14 01:28:27,583 INFO o.a.j.t.JMeterThread: Thread started: Thread Group 1-5
2023-01-14 01:28:27,682 INFO o.a.j.t.JMeterThread: Thread started: Thread Group 1-6
2023-01-14 01:28:27,782 INFO o.a.j.t.JMeterThread: Thread started: Thread Group 1-7
2023-01-14 01:28:27,882 INFO o.a.j.t.JMeterThread: Thread started: Thread Group 1-8
2023-01-14 01:28:27,981 INFO o.a.j.t.JMeterThread: Thread started: Thread Group 1-9
2023-01-14 01:28:28,082 INFO o.a.j.t.JMeterThread: Thread started: Thread Group 1-10
2023-01-14 01:28:28,182 INFO o.a.j.t.JMeterThread: Thread started: Thread Group 1-11
2023-01-14 01:28:28,282 INFO o.a.j.t.JMeterThread: Thread started: Thread Group 1-12
2023-01-14 01:28:28,381 INFO o.a.j.t.JMeterThread: Thread started: Thread Group 1-13
2023-01-14 01:28:28,482 INFO o.a.j.t.JMeterThread: Thread started: Thread Group 1-14
2023-01-14 01:28:28,582 INFO o.a.j.t.JMeterThread: Thread started: Thread Group 1-15
2023-01-14 01:28:28,682 INFO o.a.j.t.JMeterThread: Thread started: Thread Group 1-16
2023-01-14 01:28:28,781 INFO o.a.j.t.JMeterThread: Thread started: Thread Group 1-17
2023-01-14 01:28:28,881 INFO o.a.j.t.JMeterThread: Thread started: Thread Group 1-18
2023-01-14 01:28:28,982 INFO o.a.j.t.JMeterThread: Thread started: Thread Group 1-19
2023-01-14 01:28:29,082 INFO o.a.j.t.JMeterThread: Thread started: Thread Group 1-20
2023-01-14 01:28:29,182 INFO o.a.j.t.JMeterThread: Thread started: Thread Group 1-21
2023-01-14 01:28:29,281 INFO o.a.j.t.JMeterThread: Thread started: Thread Group 1-22
2023-01-14 01:28:29,382 INFO o.a.j.t.JMeterThread: Thread started: Thread Group 1-23
2023-01-14 01:28:29,481 INFO o.a.j.t.JMeterThread: Thread started: Thread Group 1-24
2023-01-14 01:28:29,582 INFO o.a.j.t.JMeterThread: Thread started: Thread Group 1-25
2023-01-14 01:28:29,681 INFO o.a.j.t.JMeterThread: Thread started: Thread Group 1-26
2023-01-14 01:28:29,782 INFO o.a.j.t.JMeterThread: Thread started: Thread Group 1-27
2023-01-14 01:28:29,882 INFO o.a.j.t.JMeterThread: Thread started: Thread Group 1-28
2023-01-14 01:28:29,982 INFO o.a.j.t.JMeterThread: Thread started: Thread Group 1-29
2023-01-14 01:28:30,082 INFO o.a.j.t.JMeterThread: Thread started: Thread Group 1-30
2023-01-14 01:28:30,181 INFO o.a.j.t.JMeterThread: Thread started: Thread Group 1-31
2023-01-14 01:28:30,282 INFO o.a.j.t.JMeterThread: Thread started: Thread Group 1-32
2023-01-14 01:28:30,381 INFO o.a.j.t.JMeterThread: Thread started: Thread Group 1-33
2023-01-14 01:28:30,482 INFO o.a.j.t.JMeterThread: Thread started: Thread Group 1-34
2023-01-14 01:28:30,582 INFO o.a.j.t.JMeterThread: Thread started: Thread Group 1-35
2023-01-14 01:28:30,681 INFO o.a.j.t.JMeterThread: Thread started: Thread Group 1-36
2023-01-14 01:28:30,782 INFO o.a.j.t.JMeterThread: Thread started: Thread Group 1-37
2023-01-14 01:28:30,881 INFO o.a.j.t.JMeterThread: Thread started: Thread Group 1-38
2023-01-14 01:28:30,982 INFO o.a.j.t.JMeterThread: Thread started: Thread Group 1-39
2023-01-14 01:28:31,081 INFO o.a.j.t.JMeterThread: Thread started: Thread Group 1-40
2023-01-14 01:28:31,182 INFO o.a.j.t.JMeterThread: Thread started: Thread Group 1-41
2023-01-14 01:28:31,282 INFO o.a.j.t.JMeterThread: Thread started: Thread Group 1-42
2023-01-14 01:28:31,382 INFO o.a.j.t.JMeterThread: Thread started: Thread Group 1-43
2023-01-14 01:28:31,481 INFO o.a.j.t.JMeterThread: Thread started: Thread Group 1-44
2023-01-14 01:28:31,582 INFO o.a.j.t.JMeterThread: Thread started: Thread Group 1-45
2023-01-14 01:28:31,682 INFO o.a.j.t.JMeterThread: Thread started: Thread Group 1-46
2023-01-14 01:28:31,782 INFO o.a.j.t.JMeterThread: Thread started: Thread Group 1-47
2023-01-14 01:28:31,882 INFO o.a.j.t.JMeterThread: Thread started: Thread Group 1-48
2023-01-14 01:28:31,982 INFO o.a.j.t.JMeterThread: Thread started: Thread Group 1-49
2023-01-14 01:28:32,081 INFO o.a.j.t.JMeterThread: Thread started: Thread Group 1-50
2023-01-14 01:28:32,182 INFO o.a.j.t.JMeterThread: Thread started: Thread Group 1-51
2023-01-14 01:28:32,282 INFO o.a.j.t.JMeterThread: Thread started: Thread Group 1-52
2023-01-14 01:28:32,383 INFO o.a.j.t.JMeterThread: Thread started: Thread Group 1-53
2023-01-14 01:28:32,481 INFO o.a.j.t.JMeterThread: Thread started: Thread Group 1-54
2023-01-14 01:28:32,583 INFO o.a.j.t.JMeterThread: Thread started: Thread Group 1-55
2023-01-14 01:28:32,681 INFO o.a.j.t.JMeterThread: Thread started: Thread Group 1-56
2023-01-14 01:28:32,781 INFO o.a.j.t.JMeterThread: Thread started: Thread Group 1-57
2023-01-14 01:28:32,882 INFO o.a.j.t.JMeterThread: Thread started: Thread Group 1-58
2023-01-14 01:28:32,981 INFO o.a.j.t.JMeterThread: Thread started: Thread Group 1-59
2023-01-14 01:28:33,081 INFO o.a.j.t.JMeterThread: Thread started: Thread Group 1-60
2023-01-14 01:28:33,182 INFO o.a.j.t.JMeterThread: Thread started: Thread Group 1-61
2023-01-14 01:28:33,281 INFO o.a.j.t.JMeterThread: Thread started: Thread Group 1-62
2023-01-14 01:28:33,381 INFO o.a.j.t.JMeterThread: Thread started: Thread Group 1-63
2023-01-14 01:28:33,482 INFO o.a.j.t.JMeterThread: Thread started: Thread Group 1-64
2023-01-14 01:28:33,582 INFO o.a.j.t.JMeterThread: Thread started: Thread Group 1-65
2023-01-14 01:28:33,681 INFO o.a.j.t.JMeterThread: Thread started: Thread Group 1-66
2023-01-14 01:28:33,782 INFO o.a.j.t.JMeterThread: Thread started: Thread Group 1-67
2023-01-14 01:28:33,881 INFO o.a.j.t.JMeterThread: Thread started: Thread Group 1-68
2023-01-14 01:28:33,981 INFO o.a.j.t.JMeterThread: Thread started: Thread Group 1-69
2023-01-14 01:28:34,081 INFO o.a.j.t.JMeterThread: Thread started: Thread Group 1-70
2023-01-14 01:28:34,182 INFO o.a.j.t.JMeterThread: Thread started: Thread Group 1-71
2023-01-14 01:28:34,282 INFO o.a.j.t.JMeterThread: Thread started: Thread Group 1-72
2023-01-14 01:28:34,381 INFO o.a.j.t.JMeterThread: Thread started: Thread Group 1-73
2023-01-14 01:28:34,481 INFO o.a.j.t.JMeterThread: Thread started: Thread Group 1-74
2023-01-14 01:28:34,581 INFO o.a.j.t.JMeterThread: Thread started: Thread Group 1-75
2023-01-14 01:28:34,682 INFO o.a.j.t.JMeterThread: Thread started: Thread Group 1-76
2023-01-14 01:28:34,782 INFO o.a.j.t.JMeterThread: Thread started: Thread Group 1-77
2023-01-14 01:28:34,881 INFO o.a.j.t.JMeterThread: Thread started: Thread Group 1-78
2023-01-14 01:28:34,981 INFO o.a.j.t.JMeterThread: Thread started: Thread Group 1-79
2023-01-14 01:28:35,081 INFO o.a.j.t.JMeterThread: Thread started: Thread Group 1-80
2023-01-14 01:28:35,182 INFO o.a.j.t.JMeterThread: Thread started: Thread Group 1-81
2023-01-14 01:28:35,282 INFO o.a.j.t.JMeterThread: Thread started: Thread Group 1-82
2023-01-14 01:28:35,383 INFO o.a.j.t.JMeterThread: Thread started: Thread Group 1-83
2023-01-14 01:28:35,481 INFO o.a.j.t.JMeterThread: Thread started: Thread Group 1-84
2023-01-14 01:28:35,581 INFO o.a.j.t.JMeterThread: Thread started: Thread Group 1-85
2023-01-14 01:28:35,681 INFO o.a.j.t.JMeterThread: Thread started: Thread Group 1-86
2023-01-14 01:28:35,781 INFO o.a.j.t.JMeterThread: Thread started: Thread Group 1-87
2023-01-14 01:28:35,882 INFO o.a.j.t.JMeterThread: Thread started: Thread Group 1-88
2023-01-14 01:28:35,981 INFO o.a.j.t.JMeterThread: Thread started: Thread Group 1-89
2023-01-14 01:28:36,082 INFO o.a.j.t.JMeterThread: Thread started: Thread Group 1-90
2023-01-14 01:28:36,183 INFO o.a.j.t.JMeterThread: Thread started: Thread Group 1-91
2023-01-14 01:28:36,282 INFO o.a.j.t.JMeterThread: Thread started: Thread Group 1-92
2023-01-14 01:28:36,381 INFO o.a.j.t.JMeterThread: Thread started: Thread Group 1-93
2023-01-14 01:28:36,482 INFO o.a.j.t.JMeterThread: Thread started: Thread Group 1-94
2023-01-14 01:28:36,582 INFO o.a.j.t.JMeterThread: Thread started: Thread Group 1-95
2023-01-14 01:28:36,682 INFO o.a.j.t.JMeterThread: Thread started: Thread Group 1-96
2023-01-14 01:28:36,781 INFO o.a.j.t.JMeterThread: Thread started: Thread Group 1-97
2023-01-14 01:28:36,882 INFO o.a.j.t.JMeterThread: Thread started: Thread Group 1-98
2023-01-14 01:28:36,983 INFO o.a.j.t.JMeterThread: Thread started: Thread Group 1-99
2023-01-14 01:28:37,081 INFO o.a.j.t.JMeterThread: Thread started: Thread Group 1-100
2023-01-14 01:35:44,196 INFO o.a.j.g.a.Start: Stopping test
2023-01-14 01:35:44,198 INFO o.a.j.t.JMeterThread: Stopping: Thread Group 1-6
2023-01-14 01:35:44,199 WARN o.a.j.t.JMeterThread: Interrupting: Thread Group 1-6 sampler: HTTP Request
2023-01-14 01:35:44,199 INFO o.a.j.t.JMeterThread: Stopping: Thread Group 1-58
2023-01-14 01:35:44,199 WARN o.a.j.t.JMeterThread: Interrupting: Thread Group 1-58 sampler: HTTP Request
2023-01-14 01:35:44,199 INFO o.a.j.t.JMeterThread: Stopping: Thread Group 1-5
2023-01-14 01:35:44,199 WARN o.a.j.t.JMeterThread: Interrupting: Thread Group 1-5 sampler: HTTP Request
2023-01-14 01:35:44,199 INFO o.a.j.t.JMeterThread: Stopping: Thread Group 1-44
2023-01-14 01:35:44,199 WARN o.a.j.t.JMeterThread: Interrupting: Thread Group 1-44 sampler: HTTP Request
2023-01-14 01:35:44,199 INFO o.a.j.t.JMeterThread: Stopping: Thread Group 1-80
2023-01-14 01:35:44,199 WARN o.a.j.t.JMeterThread: Interrupting: Thread Group 1-80 sampler: HTTP Request
2023-01-14 01:35:44,200 INFO o.a.j.t.JMeterThread: Stopping: Thread Group 1-94
2023-01-14 01:35:44,200 WARN o.a.j.t.JMeterThread: Interrupting: Thread Group 1-94 sampler: HTTP Request
2023-01-14 01:35:44,200 INFO o.a.j.t.JMeterThread: Thread finished: Thread Group 1-6
2023-01-14 01:35:44,200 INFO o.a.j.t.JMeterThread: Stopping: Thread Group 1-68
2023-01-14 01:35:44,200 WARN o.a.j.t.JMeterThread: Interrupting: Thread Group 1-68 sampler: HTTP Request
2023-01-14 01:35:44,200 INFO o.a.j.t.JMeterThread: Thread finished: Thread Group 1-5
2023-01-14 01:35:44,200 INFO o.a.j.t.JMeterThread: Thread finished: Thread Group 1-80
2023-01-14 01:35:44,200 INFO o.a.j.t.JMeterThread: Stopping: Thread Group 1-38
2023-01-14 01:35:44,200 WARN o.a.j.t.JMeterThread: Interrupting: Thread Group 1-38 sampler: HTTP Request
2023-01-14 01:35:44,200 INFO o.a.j.t.JMeterThread: Thread finished: Thread Group 1-58
2023-01-14 01:35:44,200 INFO o.a.j.t.JMeterThread: Thread finished: Thread Group 1-44
2023-01-14 01:35:44,200 INFO o.a.j.t.JMeterThread: Stopping: Thread Group 1-46
2023-01-14 01:35:44,200 INFO o.a.j.t.JMeterThread: Thread finished: Thread Group 1-94
2023-01-14 01:35:44,200 WARN o.a.j.t.JMeterThread: Interrupting: Thread Group 1-46 sampler: HTTP Request
2023-01-14 01:35:44,201 INFO o.a.j.t.JMeterThread: Stopping: Thread Group 1-53
2023-01-14 01:35:44,201 WARN o.a.j.t.JMeterThread: Interrupting: Thread Group 1-53 sampler: HTTP Request
2023-01-14 01:35:44,201 INFO o.a.j.t.JMeterThread: Stopping: Thread Group 1-60
2023-01-14 01:35:44,201 WARN o.a.j.t.JMeterThread: Interrupting: Thread Group 1-60 sampler: HTTP Request
2023-01-14 01:35:44,201 INFO o.a.j.t.JMeterThread: Thread finished: Thread Group 1-38
2023-01-14 01:35:44,201 INFO o.a.j.t.JMeterThread: Stopping: Thread Group 1-35
2023-01-14 01:35:44,201 WARN o.a.j.t.JMeterThread: Interrupting: Thread Group 1-35 sampler: HTTP Request
2023-01-14 01:35:44,201 INFO o.a.j.t.JMeterThread: Stopping: Thread Group 1-65
2023-01-14 01:35:44,201 INFO o.a.j.t.JMeterThread: Thread finished: Thread Group 1-46
2023-01-14 01:35:44,201 WARN o.a.j.t.JMeterThread: Interrupting: Thread Group 1-65 sampler: HTTP Request
2023-01-14 01:35:44,201 INFO o.a.j.t.JMeterThread: Thread finished: Thread Group 1-53
2023-01-14 01:35:44,201 INFO o.a.j.t.JMeterThread: Stopping: Thread Group 1-4
2023-01-14 01:35:44,201 WARN o.a.j.t.JMeterThread: Interrupting: Thread Group 1-4 sampler: HTTP Request
2023-01-14 01:35:44,201 INFO o.a.j.t.JMeterThread: Thread finished: Thread Group 1-68
2023-01-14 01:35:44,201 INFO o.a.j.t.JMeterThread: Thread finished: Thread Group 1-60
2023-01-14 01:35:44,201 INFO o.a.j.t.JMeterThread: Thread finished: Thread Group 1-35
2023-01-14 01:35:44,202 INFO o.a.j.t.JMeterThread: Thread finished: Thread Group 1-65
2023-01-14 01:35:44,202 INFO o.a.j.t.JMeterThread: Stopping: Thread Group 1-13
2023-01-14 01:35:44,202 WARN o.a.j.t.JMeterThread: Interrupting: Thread Group 1-13 sampler: HTTP Request
2023-01-14 01:35:44,202 INFO o.a.j.t.JMeterThread: Stopping: Thread Group 1-96
2023-01-14 01:35:44,202 WARN o.a.j.t.JMeterThread: Interrupting: Thread Group 1-96 sampler: HTTP Request
2023-01-14 01:35:44,202 INFO o.a.j.t.JMeterThread: Stopping: Thread Group 1-40
2023-01-14 01:35:44,202 WARN o.a.j.t.JMeterThread: Interrupting: Thread Group 1-40 sampler: HTTP Request
2023-01-14 01:35:44,202 INFO o.a.j.t.JMeterThread: Stopping: Thread Group 1-64
2023-01-14 01:35:44,202 WARN o.a.j.t.JMeterThread: Interrupting: Thread Group 1-64 sampler: HTTP Request
2023-01-14 01:35:44,203 INFO o.a.j.t.JMeterThread: Stopping: Thread Group 1-89
2023-01-14 01:35:44,203 WARN o.a.j.t.JMeterThread: Interrupting: Thread Group 1-89 sampler: HTTP Request
2023-01-14 01:35:44,203 INFO o.a.j.t.JMeterThread: Thread finished: Thread Group 1-96
2023-01-14 01:35:44,203 INFO o.a.j.t.JMeterThread: Thread finished: Thread Group 1-40
2023-01-14 01:35:44,203 INFO o.a.j.t.JMeterThread: Stopping: Thread Group 1-90
2023-01-14 01:35:44,203 WARN o.a.j.t.JMeterThread: Interrupting: Thread Group 1-90 sampler: HTTP Request
2023-01-14 01:35:44,203 INFO o.a.j.t.JMeterThread: Thread finished: Thread Group 1-89
2023-01-14 01:35:44,203 INFO o.a.j.t.JMeterThread: Thread finished: Thread Group 1-13
2023-01-14 01:35:44,203 INFO o.a.j.t.JMeterThread: Stopping: Thread Group 1-11
2023-01-14 01:35:44,203 INFO o.a.j.t.JMeterThread: Thread finished: Thread Group 1-4
2023-01-14 01:35:44,203 WARN o.a.j.t.JMeterThread: Interrupting: Thread Group 1-11 sampler: HTTP Request
2023-01-14 01:35:44,204 INFO o.a.j.t.JMeterThread: Thread finished: Thread Group 1-90
2023-01-14 01:35:44,204 INFO o.a.j.t.JMeterThread: Thread finished: Thread Group 1-64
2023-01-14 01:35:44,204 INFO o.a.j.t.JMeterThread: Stopping: Thread Group 1-71
2023-01-14 01:35:44,204 WARN o.a.j.t.JMeterThread: Interrupting: Thread Group 1-71 sampler: HTTP Request
2023-01-14 01:35:44,204 INFO o.a.j.t.JMeterThread: Stopping: Thread Group 1-67
2023-01-14 01:35:44,204 WARN o.a.j.t.JMeterThread: Interrupting: Thread Group 1-67 sampler: HTTP Request
2023-01-14 01:35:44,204 INFO o.a.j.t.JMeterThread: Thread finished: Thread Group 1-11
2023-01-14 01:35:44,204 INFO o.a.j.t.JMeterThread: Stopping: Thread Group 1-85
2023-01-14 01:35:44,205 WARN o.a.j.t.JMeterThread: Interrupting: Thread Group 1-85 sampler: HTTP Request
2023-01-14 01:35:44,205 INFO o.a.j.t.JMeterThread: Thread finished: Thread Group 1-67
2023-01-14 01:35:44,205 INFO o.a.j.t.JMeterThread: Thread finished: Thread Group 1-85
2023-01-14 01:35:44,205 INFO o.a.j.t.JMeterThread: Stopping: Thread Group 1-98
2023-01-14 01:35:44,206 WARN o.a.j.t.JMeterThread: Interrupting: Thread Group 1-98 sampler: HTTP Request
2023-01-14 01:35:44,206 INFO o.a.j.t.JMeterThread: Thread finished: Thread Group 1-71
2023-01-14 01:35:44,206 INFO o.a.j.t.JMeterThread: Thread finished: Thread Group 1-98
2023-01-14 01:35:44,206 INFO o.a.j.t.JMeterThread: Stopping: Thread Group 1-81
2023-01-14 01:35:44,207 WARN o.a.j.t.JMeterThread: Interrupting: Thread Group 1-81 sampler: HTTP Request
2023-01-14 01:35:44,207 INFO o.a.j.t.JMeterThread: Stopping: Thread Group 1-49
2023-01-14 01:35:44,207 WARN o.a.j.t.JMeterThread: Interrupting: Thread Group 1-49 sampler: HTTP Request
2023-01-14 01:35:44,207 INFO o.a.j.t.JMeterThread: Thread finished: Thread Group 1-81
2023-01-14 01:35:44,208 INFO o.a.j.t.JMeterThread: Thread finished: Thread Group 1-49
2023-01-14 01:35:44,209 INFO o.a.j.t.JMeterThread: Stopping: Thread Group 1-50
2023-01-14 01:35:44,209 WARN o.a.j.t.JMeterThread: Interrupting: Thread Group 1-50 sampler: HTTP Request
2023-01-14 01:35:44,210 INFO o.a.j.t.JMeterThread: Thread finished: Thread Group 1-50
2023-01-14 01:35:44,211 INFO o.a.j.t.JMeterThread: Stopping: Thread Group 1-72
2023-01-14 01:35:44,211 WARN o.a.j.t.JMeterThread: Interrupting: Thread Group 1-72 sampler: HTTP Request
2023-01-14 01:35:44,211 INFO o.a.j.t.JMeterThread: Stopping: Thread Group 1-59
2023-01-14 01:35:44,211 WARN o.a.j.t.JMeterThread: Interrupting: Thread Group 1-59 sampler: HTTP Request
2023-01-14 01:35:44,211 INFO o.a.j.t.JMeterThread: Stopping: Thread Group 1-43
2023-01-14 01:35:44,211 WARN o.a.j.t.JMeterThread: Interrupting: Thread Group 1-43 sampler: HTTP Request
2023-01-14 01:35:44,211 INFO o.a.j.t.JMeterThread: Stopping: Thread Group 1-78
2023-01-14 01:35:44,211 WARN o.a.j.t.JMeterThread: Interrupting: Thread Group 1-78 sampler: HTTP Request
2023-01-14 01:35:44,211 INFO o.a.j.t.JMeterThread: Stopping: Thread Group 1-31
2023-01-14 01:35:44,211 WARN o.a.j.t.JMeterThread: Interrupting: Thread Group 1-31 sampler: HTTP Request
2023-01-14 01:35:44,211 INFO o.a.j.t.JMeterThread: Stopping: Thread Group 1-1
2023-01-14 01:35:44,212 WARN o.a.j.t.JMeterThread: Interrupting: Thread Group 1-1 sampler: HTTP Request
2023-01-14 01:35:44,212 INFO o.a.j.t.JMeterThread: Thread finished: Thread Group 1-43
2023-01-14 01:35:44,212 INFO o.a.j.t.JMeterThread: Stopping: Thread Group 1-28
2023-01-14 01:35:44,212 WARN o.a.j.t.JMeterThread: Interrupting: Thread Group 1-28 sampler: HTTP Request
2023-01-14 01:35:44,212 INFO o.a.j.t.JMeterThread: Thread finished: Thread Group 1-31
2023-01-14 01:35:44,212 INFO o.a.j.t.JMeterThread: Thread finished: Thread Group 1-59
2023-01-14 01:35:44,212 INFO o.a.j.t.JMeterThread: Thread finished: Thread Group 1-1
2023-01-14 01:35:44,212 INFO o.a.j.t.JMeterThread: Thread finished: Thread Group 1-78
2023-01-14 01:35:44,212 INFO o.a.j.t.JMeterThread: Thread finished: Thread Group 1-28
2023-01-14 01:35:44,212 INFO o.a.j.t.JMeterThread: Stopping: Thread Group 1-8
2023-01-14 01:35:44,212 WARN o.a.j.t.JMeterThread: Interrupting: Thread Group 1-8 sampler: HTTP Request
2023-01-14 01:35:44,213 INFO o.a.j.t.JMeterThread: Stopping: Thread Group 1-87
2023-01-14 01:35:44,213 WARN o.a.j.t.JMeterThread: Interrupting: Thread Group 1-87 sampler: HTTP Request
2023-01-14 01:35:44,213 INFO o.a.j.t.JMeterThread: Stopping: Thread Group 1-2
2023-01-14 01:35:44,213 WARN o.a.j.t.JMeterThread: Interrupting: Thread Group 1-2 sampler: HTTP Request
2023-01-14 01:35:44,213 INFO o.a.j.t.JMeterThread: Stopping: Thread Group 1-30
2023-01-14 01:35:44,213 INFO o.a.j.t.JMeterThread: Thread finished: Thread Group 1-8
2023-01-14 01:35:44,213 WARN o.a.j.t.JMeterThread: Interrupting: Thread Group 1-30 sampler: HTTP Request
2023-01-14 01:35:44,213 INFO o.a.j.t.JMeterThread: Stopping: Thread Group 1-22
2023-01-14 01:35:44,213 WARN o.a.j.t.JMeterThread: Interrupting: Thread Group 1-22 sampler: HTTP Request
2023-01-14 01:35:44,213 INFO o.a.j.t.JMeterThread: Thread finished: Thread Group 1-72
2023-01-14 01:35:44,213 INFO o.a.j.t.JMeterThread: Thread finished: Thread Group 1-87
2023-01-14 01:35:44,213 INFO o.a.j.t.JMeterThread: Thread finished: Thread Group 1-2
2023-01-14 01:35:44,214 INFO o.a.j.t.JMeterThread: Stopping: Thread Group 1-66
2023-01-14 01:35:44,214 INFO o.a.j.t.JMeterThread: Thread finished: Thread Group 1-22
2023-01-14 01:35:44,214 WARN o.a.j.t.JMeterThread: Interrupting: Thread Group 1-66 sampler: HTTP Request
2023-01-14 01:35:44,214 INFO o.a.j.t.JMeterThread: Thread finished: Thread Group 1-30
2023-01-14 01:35:44,214 INFO o.a.j.t.JMeterThread: Thread finished: Thread Group 1-66
2023-01-14 01:35:44,214 INFO o.a.j.t.JMeterThread: Stopping: Thread Group 1-76
2023-01-14 01:35:44,214 WARN o.a.j.t.JMeterThread: Interrupting: Thread Group 1-76 sampler: HTTP Request
2023-01-14 01:35:44,215 INFO o.a.j.t.JMeterThread: Thread finished: Thread Group 1-76
2023-01-14 01:35:44,215 INFO o.a.j.t.JMeterThread: Stopping: Thread Group 1-56
2023-01-14 01:35:44,215 WARN o.a.j.t.JMeterThread: Interrupting: Thread Group 1-56 sampler: HTTP Request
2023-01-14 01:35:44,215 INFO o.a.j.t.JMeterThread: Thread finished: Thread Group 1-56
2023-01-14 01:35:44,216 INFO o.a.j.t.JMeterThread: Stopping: Thread Group 1-39
2023-01-14 01:35:44,216 WARN o.a.j.t.JMeterThread: Interrupting: Thread Group 1-39 sampler: HTTP Request
2023-01-14 01:35:44,216 INFO o.a.j.t.JMeterThread: Thread finished: Thread Group 1-39
2023-01-14 01:35:44,217 INFO o.a.j.t.JMeterThread: Stopping: Thread Group 1-55
2023-01-14 01:35:44,217 WARN o.a.j.t.JMeterThread: Interrupting: Thread Group 1-55 sampler: HTTP Request
2023-01-14 01:35:44,217 INFO o.a.j.t.JMeterThread: Thread finished: Thread Group 1-55
2023-01-14 01:35:44,218 INFO o.a.j.t.JMeterThread: Stopping: Thread Group 1-19
2023-01-14 01:35:44,218 WARN o.a.j.t.JMeterThread: Interrupting: Thread Group 1-19 sampler: HTTP Request
2023-01-14 01:35:44,218 INFO o.a.j.t.JMeterThread: Thread finished: Thread Group 1-19
2023-01-14 01:35:44,219 INFO o.a.j.t.JMeterThread: Stopping: Thread Group 1-16
2023-01-14 01:35:44,221 WARN o.a.j.t.JMeterThread: Interrupting: Thread Group 1-16 sampler: HTTP Request
2023-01-14 01:35:44,221 INFO o.a.j.t.JMeterThread: Stopping: Thread Group 1-33
2023-01-14 01:35:44,221 WARN o.a.j.t.JMeterThread: Interrupting: Thread Group 1-33 sampler: HTTP Request
2023-01-14 01:35:44,221 INFO o.a.j.t.JMeterThread: Thread finished: Thread Group 1-16
2023-01-14 01:35:44,222 INFO o.a.j.t.JMeterThread: Stopping: Thread Group 1-88
2023-01-14 01:35:44,222 WARN o.a.j.t.JMeterThread: Interrupting: Thread Group 1-88 sampler: HTTP Request
2023-01-14 01:35:44,222 INFO o.a.j.t.JMeterThread: Stopping: Thread Group 1-23
2023-01-14 01:35:44,222 WARN o.a.j.t.JMeterThread: Interrupting: Thread Group 1-23 sampler: HTTP Request
2023-01-14 01:35:44,223 INFO o.a.j.t.JMeterThread: Thread finished: Thread Group 1-33
2023-01-14 01:35:44,223 INFO o.a.j.t.JMeterThread: Stopping: Thread Group 1-48
2023-01-14 01:35:44,223 WARN o.a.j.t.JMeterThread: Interrupting: Thread Group 1-48 sampler: HTTP Request
2023-01-14 01:35:44,223 INFO o.a.j.t.JMeterThread: Stopping: Thread Group 1-73
2023-01-14 01:35:44,223 WARN o.a.j.t.JMeterThread: Interrupting: Thread Group 1-73 sampler: HTTP Request
2023-01-14 01:35:44,223 INFO o.a.j.t.JMeterThread: Thread finished: Thread Group 1-88
2023-01-14 01:35:44,223 INFO o.a.j.t.JMeterThread: Thread finished: Thread Group 1-23
2023-01-14 01:35:44,223 INFO o.a.j.t.JMeterThread: Thread finished: Thread Group 1-73
2023-01-14 01:35:44,224 INFO o.a.j.t.JMeterThread: Stopping: Thread Group 1-25
2023-01-14 01:35:44,224 WARN o.a.j.t.JMeterThread: Interrupting: Thread Group 1-25 sampler: HTTP Request
2023-01-14 01:35:44,225 INFO o.a.j.t.JMeterThread: Thread finished: Thread Group 1-25
2023-01-14 01:35:44,226 INFO o.a.j.t.JMeterThread: Stopping: Thread Group 1-41
2023-01-14 01:35:44,226 WARN o.a.j.t.JMeterThread: Interrupting: Thread Group 1-41 sampler: HTTP Request
2023-01-14 01:35:44,227 INFO o.a.j.t.JMeterThread: Thread finished: Thread Group 1-41
2023-01-14 01:35:44,227 INFO o.a.j.t.JMeterThread: Thread finished: Thread Group 1-48
2023-01-14 01:35:44,227 INFO o.a.j.t.JMeterThread: Stopping: Thread Group 1-84
2023-01-14 01:35:44,228 WARN o.a.j.t.JMeterThread: Interrupting: Thread Group 1-84 sampler: HTTP Request
2023-01-14 01:35:44,228 INFO o.a.j.t.JMeterThread: Stopping: Thread Group 1-52
2023-01-14 01:35:44,228 WARN o.a.j.t.JMeterThread: Interrupting: Thread Group 1-52 sampler: HTTP Request
2023-01-14 01:35:44,228 INFO o.a.j.t.JMeterThread: Thread finished: Thread Group 1-84
2023-01-14 01:35:44,229 INFO o.a.j.t.JMeterThread: Thread finished: Thread Group 1-52
2023-01-14 01:35:44,229 INFO o.a.j.t.JMeterThread: Stopping: Thread Group 1-14
2023-01-14 01:35:44,229 WARN o.a.j.t.JMeterThread: Interrupting: Thread Group 1-14 sampler: HTTP Request
2023-01-14 01:35:44,229 INFO o.a.j.t.JMeterThread: Stopping: Thread Group 1-57
2023-01-14 01:35:44,230 WARN o.a.j.t.JMeterThread: Interrupting: Thread Group 1-57 sampler: HTTP Request
2023-01-14 01:35:44,230 INFO o.a.j.t.JMeterThread: Thread finished: Thread Group 1-14
2023-01-14 01:35:44,232 INFO o.a.j.t.JMeterThread: Thread finished: Thread Group 1-57
2023-01-14 01:35:44,233 INFO o.a.j.t.JMeterThread: Stopping: Thread Group 1-21
2023-01-14 01:35:44,233 WARN o.a.j.t.JMeterThread: Interrupting: Thread Group 1-21 sampler: HTTP Request
2023-01-14 01:35:44,233 INFO o.a.j.t.JMeterThread: Stopping: Thread Group 1-86
2023-01-14 01:35:44,233 WARN o.a.j.t.JMeterThread: Interrupting: Thread Group 1-86 sampler: HTTP Request
2023-01-14 01:35:44,233 INFO o.a.j.t.JMeterThread: Thread finished: Thread Group 1-21
2023-01-14 01:35:44,234 INFO o.a.j.t.JMeterThread: Thread finished: Thread Group 1-86
2023-01-14 01:35:44,235 INFO o.a.j.t.JMeterThread: Stopping: Thread Group 1-92
2023-01-14 01:35:44,235 WARN o.a.j.t.JMeterThread: Interrupting: Thread Group 1-92 sampler: HTTP Request
2023-01-14 01:35:44,235 INFO o.a.j.t.JMeterThread: Stopping: Thread Group 1-63
2023-01-14 01:35:44,235 WARN o.a.j.t.JMeterThread: Interrupting: Thread Group 1-63 sampler: HTTP Request
2023-01-14 01:35:44,235 INFO o.a.j.t.JMeterThread: Thread finished: Thread Group 1-92
2023-01-14 01:35:44,235 INFO o.a.j.t.JMeterThread: Thread finished: Thread Group 1-63
2023-01-14 01:35:44,236 INFO o.a.j.t.JMeterThread: Stopping: Thread Group 1-37
2023-01-14 01:35:44,237 WARN o.a.j.t.JMeterThread: Interrupting: Thread Group 1-37 sampler: HTTP Request
2023-01-14 01:35:44,237 INFO o.a.j.t.JMeterThread: Stopping: Thread Group 1-79
2023-01-14 01:35:44,237 INFO o.a.j.t.JMeterThread: Thread finished: Thread Group 1-37
2023-01-14 01:35:44,238 WARN o.a.j.t.JMeterThread: Interrupting: Thread Group 1-79 sampler: HTTP Request
2023-01-14 01:35:44,239 INFO o.a.j.t.JMeterThread: Thread finished: Thread Group 1-79
2023-01-14 01:35:44,240 INFO o.a.j.t.JMeterThread: Stopping: Thread Group 1-91
2023-01-14 01:35:44,240 WARN o.a.j.t.JMeterThread: Interrupting: Thread Group 1-91 sampler: HTTP Request
2023-01-14 01:35:44,240 INFO o.a.j.t.JMeterThread: Stopping: Thread Group 1-34
2023-01-14 01:35:44,240 WARN o.a.j.t.JMeterThread: Interrupting: Thread Group 1-34 sampler: HTTP Request
2023-01-14 01:35:44,240 INFO o.a.j.t.JMeterThread: Thread finished: Thread Group 1-91
2023-01-14 01:35:44,241 INFO o.a.j.t.JMeterThread: Stopping: Thread Group 1-82
2023-01-14 01:35:44,241 WARN o.a.j.t.JMeterThread: Interrupting: Thread Group 1-82 sampler: HTTP Request
2023-01-14 01:35:44,241 INFO o.a.j.t.JMeterThread: Thread finished: Thread Group 1-34
2023-01-14 01:35:44,242 INFO o.a.j.t.JMeterThread: Thread finished: Thread Group 1-82
2023-01-14 01:35:44,243 INFO o.a.j.t.JMeterThread: Stopping: Thread Group 1-20
2023-01-14 01:35:44,243 WARN o.a.j.t.JMeterThread: Interrupting: Thread Group 1-20 sampler: HTTP Request
2023-01-14 01:35:44,243 INFO o.a.j.t.JMeterThread: Stopping: Thread Group 1-18
2023-01-14 01:35:44,243 WARN o.a.j.t.JMeterThread: Interrupting: Thread Group 1-18 sampler: HTTP Request
2023-01-14 01:35:44,243 INFO o.a.j.t.JMeterThread: Stopping: Thread Group 1-9
2023-01-14 01:35:44,243 WARN o.a.j.t.JMeterThread: Interrupting: Thread Group 1-9 sampler: HTTP Request
2023-01-14 01:35:44,243 INFO o.a.j.t.JMeterThread: Stopping: Thread Group 1-10
2023-01-14 01:35:44,243 WARN o.a.j.t.JMeterThread: Interrupting: Thread Group 1-10 sampler: HTTP Request
2023-01-14 01:35:44,243 INFO o.a.j.t.JMeterThread: Thread finished: Thread Group 1-20
2023-01-14 01:35:44,243 INFO o.a.j.t.JMeterThread: Stopping: Thread Group 1-3
2023-01-14 01:35:44,244 WARN o.a.j.t.JMeterThread: Interrupting: Thread Group 1-3 sampler: HTTP Request
2023-01-14 01:35:44,244 INFO o.a.j.t.JMeterThread: Thread finished: Thread Group 1-9
2023-01-14 01:35:44,244 INFO o.a.j.t.JMeterThread: Stopping: Thread Group 1-54
2023-01-14 01:35:44,244 WARN o.a.j.t.JMeterThread: Interrupting: Thread Group 1-54 sampler: HTTP Request
2023-01-14 01:35:44,244 INFO o.a.j.t.JMeterThread: Stopping: Thread Group 1-74
2023-01-14 01:35:44,244 WARN o.a.j.t.JMeterThread: Interrupting: Thread Group 1-74 sampler: HTTP Request
2023-01-14 01:35:44,244 INFO o.a.j.t.JMeterThread: Stopping: Thread Group 1-12
2023-01-14 01:35:44,244 WARN o.a.j.t.JMeterThread: Interrupting: Thread Group 1-12 sampler: HTTP Request
2023-01-14 01:35:44,244 INFO o.a.j.t.JMeterThread: Thread finished: Thread Group 1-3
2023-01-14 01:35:44,245 INFO o.a.j.t.JMeterThread: Thread finished: Thread Group 1-74
2023-01-14 01:35:44,245 INFO o.a.j.t.JMeterThread: Thread finished: Thread Group 1-18
2023-01-14 01:35:44,244 INFO o.a.j.t.JMeterThread: Thread finished: Thread Group 1-10
2023-01-14 01:35:44,246 INFO o.a.j.t.JMeterThread: Thread finished: Thread Group 1-12
2023-01-14 01:35:44,246 INFO o.a.j.t.JMeterThread: Thread finished: Thread Group 1-54
2023-01-14 01:35:44,246 INFO o.a.j.t.JMeterThread: Stopping: Thread Group 1-51
2023-01-14 01:35:44,247 WARN o.a.j.t.JMeterThread: Interrupting: Thread Group 1-51 sampler: HTTP Request
2023-01-14 01:35:44,247 INFO o.a.j.t.JMeterThread: Stopping: Thread Group 1-70
2023-01-14 01:35:44,247 WARN o.a.j.t.JMeterThread: Interrupting: Thread Group 1-70 sampler: HTTP Request
2023-01-14 01:35:44,247 INFO o.a.j.t.JMeterThread: Thread finished: Thread Group 1-51
2023-01-14 01:35:44,247 INFO o.a.j.t.JMeterThread: Thread finished: Thread Group 1-70
2023-01-14 01:35:44,247 INFO o.a.j.t.JMeterThread: Stopping: Thread Group 1-36
2023-01-14 01:35:44,248 WARN o.a.j.t.JMeterThread: Interrupting: Thread Group 1-36 sampler: HTTP Request
2023-01-14 01:35:44,248 INFO o.a.j.t.JMeterThread: Stopping: Thread Group 1-29
2023-01-14 01:35:44,248 WARN o.a.j.t.JMeterThread: Interrupting: Thread Group 1-29 sampler: HTTP Request
2023-01-14 01:35:44,248 INFO o.a.j.t.JMeterThread: Stopping: Thread Group 1-97
2023-01-14 01:35:44,248 WARN o.a.j.t.JMeterThread: Interrupting: Thread Group 1-97 sampler: HTTP Request
2023-01-14 01:35:44,248 INFO o.a.j.t.JMeterThread: Stopping: Thread Group 1-100
2023-01-14 01:35:44,248 WARN o.a.j.t.JMeterThread: Interrupting: Thread Group 1-100 sampler: HTTP Request
2023-01-14 01:35:44,248 INFO o.a.j.t.JMeterThread: Stopping: Thread Group 1-15
2023-01-14 01:35:44,248 WARN o.a.j.t.JMeterThread: Interrupting: Thread Group 1-15 sampler: HTTP Request
2023-01-14 01:35:44,248 INFO o.a.j.t.JMeterThread: Thread finished: Thread Group 1-29
2023-01-14 01:35:44,248 INFO o.a.j.t.JMeterThread: Thread finished: Thread Group 1-97
2023-01-14 01:35:44,248 INFO o.a.j.t.JMeterThread: Stopping: Thread Group 1-75
2023-01-14 01:35:44,248 WARN o.a.j.t.JMeterThread: Interrupting: Thread Group 1-75 sampler: HTTP Request
2023-01-14 01:35:44,249 INFO o.a.j.t.JMeterThread: Stopping: Thread Group 1-83
2023-01-14 01:35:44,249 WARN o.a.j.t.JMeterThread: Interrupting: Thread Group 1-83 sampler: HTTP Request
2023-01-14 01:35:44,249 INFO o.a.j.t.JMeterThread: Thread finished: Thread Group 1-36
2023-01-14 01:35:44,249 INFO o.a.j.t.JMeterThread: Thread finished: Thread Group 1-100
2023-01-14 01:35:44,249 INFO o.a.j.t.JMeterThread: Thread finished: Thread Group 1-75
2023-01-14 01:35:44,249 INFO o.a.j.t.JMeterThread: Thread finished: Thread Group 1-15
2023-01-14 01:35:44,250 INFO o.a.j.t.JMeterThread: Stopping: Thread Group 1-62
2023-01-14 01:35:44,250 WARN o.a.j.t.JMeterThread: Interrupting: Thread Group 1-62 sampler: HTTP Request
2023-01-14 01:35:44,251 INFO o.a.j.t.JMeterThread: Stopping: Thread Group 1-27
2023-01-14 01:35:44,251 WARN o.a.j.t.JMeterThread: Interrupting: Thread Group 1-27 sampler: HTTP Request
2023-01-14 01:35:44,251 INFO o.a.j.t.JMeterThread: Thread finished: Thread Group 1-83
2023-01-14 01:35:44,251 INFO o.a.j.t.JMeterThread: Thread finished: Thread Group 1-62
2023-01-14 01:35:44,251 INFO o.a.j.t.JMeterThread: Thread finished: Thread Group 1-27
2023-01-14 01:35:44,251 INFO o.a.j.t.JMeterThread: Stopping: Thread Group 1-45
2023-01-14 01:35:44,251 WARN o.a.j.t.JMeterThread: Interrupting: Thread Group 1-45 sampler: HTTP Request
2023-01-14 01:35:44,252 INFO o.a.j.t.JMeterThread: Stopping: Thread Group 1-32
2023-01-14 01:35:44,252 INFO o.a.j.t.JMeterThread: Thread finished: Thread Group 1-45
2023-01-14 01:35:44,252 WARN o.a.j.t.JMeterThread: Interrupting: Thread Group 1-32 sampler: HTTP Request
2023-01-14 01:35:44,252 INFO o.a.j.t.JMeterThread: Stopping: Thread Group 1-17
2023-01-14 01:35:44,252 WARN o.a.j.t.JMeterThread: Interrupting: Thread Group 1-17 sampler: HTTP Request
2023-01-14 01:35:44,252 INFO o.a.j.t.JMeterThread: Stopping: Thread Group 1-99
2023-01-14 01:35:44,252 WARN o.a.j.t.JMeterThread: Interrupting: Thread Group 1-99 sampler: HTTP Request
2023-01-14 01:35:44,252 INFO o.a.j.t.JMeterThread: Stopping: Thread Group 1-69
2023-01-14 01:35:44,252 WARN o.a.j.t.JMeterThread: Interrupting: Thread Group 1-69 sampler: HTTP Request
2023-01-14 01:35:44,252 INFO o.a.j.t.JMeterThread: Thread finished: Thread Group 1-17
2023-01-14 01:35:44,252 INFO o.a.j.t.JMeterThread: Stopping: Thread Group 1-61
2023-01-14 01:35:44,252 INFO o.a.j.t.JMeterThread: Thread finished: Thread Group 1-32
2023-01-14 01:35:44,252 WARN o.a.j.t.JMeterThread: Interrupting: Thread Group 1-61 sampler: HTTP Request
2023-01-14 01:35:44,252 INFO o.a.j.t.JMeterThread: Stopping: Thread Group 1-93
2023-01-14 01:35:44,252 WARN o.a.j.t.JMeterThread: Interrupting: Thread Group 1-93 sampler: HTTP Request
2023-01-14 01:35:44,252 INFO o.a.j.t.JMeterThread: Thread finished: Thread Group 1-61
2023-01-14 01:35:44,253 INFO o.a.j.t.JMeterThread: Thread finished: Thread Group 1-93
2023-01-14 01:35:44,253 INFO o.a.j.t.JMeterThread: Stopping: Thread Group 1-7
2023-01-14 01:35:44,253 WARN o.a.j.t.JMeterThread: Interrupting: Thread Group 1-7 sampler: HTTP Request
2023-01-14 01:35:44,253 INFO o.a.j.t.JMeterThread: Thread finished: Thread Group 1-99
2023-01-14 01:35:44,253 INFO o.a.j.t.JMeterThread: Stopping: Thread Group 1-42
2023-01-14 01:35:44,253 INFO o.a.j.t.JMeterThread: Thread finished: Thread Group 1-7
2023-01-14 01:35:44,253 WARN o.a.j.t.JMeterThread: Interrupting: Thread Group 1-42 sampler: HTTP Request
2023-01-14 01:35:44,254 INFO o.a.j.t.JMeterThread: Thread finished: Thread Group 1-69
2023-01-14 01:35:44,254 INFO o.a.j.t.JMeterThread: Stopping: Thread Group 1-26
2023-01-14 01:35:44,254 WARN o.a.j.t.JMeterThread: Interrupting: Thread Group 1-26 sampler: HTTP Request
2023-01-14 01:35:44,254 INFO o.a.j.t.JMeterThread: Thread finished: Thread Group 1-42
2023-01-14 01:35:44,254 INFO o.a.j.t.JMeterThread: Thread finished: Thread Group 1-26
2023-01-14 01:35:44,255 INFO o.a.j.t.JMeterThread: Stopping: Thread Group 1-24
2023-01-14 01:35:44,255 WARN o.a.j.t.JMeterThread: Interrupting: Thread Group 1-24 sampler: HTTP Request
2023-01-14 01:35:44,255 INFO o.a.j.t.JMeterThread: Stopping: Thread Group 1-95
2023-01-14 01:35:44,255 WARN o.a.j.t.JMeterThread: Interrupting: Thread Group 1-95 sampler: HTTP Request
2023-01-14 01:35:44,255 INFO o.a.j.t.JMeterThread: Stopping: Thread Group 1-77
2023-01-14 01:35:44,255 WARN o.a.j.t.JMeterThread: Interrupting: Thread Group 1-77 sampler: HTTP Request
2023-01-14 01:35:44,255 INFO o.a.j.t.JMeterThread: Thread finished: Thread Group 1-24
2023-01-14 01:35:44,256 INFO o.a.j.t.JMeterThread: Thread finished: Thread Group 1-95
2023-01-14 01:35:44,256 INFO o.a.j.t.JMeterThread: Thread finished: Thread Group 1-77
2023-01-14 01:35:44,256 INFO o.a.j.t.JMeterThread: Stopping: Thread Group 1-47
2023-01-14 01:35:44,256 WARN o.a.j.t.JMeterThread: Interrupting: Thread Group 1-47 sampler: HTTP Request
2023-01-14 01:35:44,257 INFO o.a.j.t.JMeterThread: Thread finished: Thread Group 1-47
2023-01-14 01:35:44,257 INFO o.a.j.e.StandardJMeterEngine: Notifying test listeners of end of test
2023-01-14 01:35:44,257 INFO o.a.j.g.u.JMeterMenuBar: setRunning(false, *local*)
